<?xml version="1.0" encoding="UTF-8"?>
<!-- Generated by org.testng.reporters.JUnitReportReporter -->
<testsuite hostname="CORA027L" failures="0" tests="3" name="testscript.LogInTest" time="23.422" errors="0" timestamp="2021-05-06T00:27:42 CST" skipped="0">
  <testcase classname="testscript.LogInTest" name="loginTest" time="7.041"/>
  <system-out/>
  <testcase classname="testscript.LogInTest" name="loginTest" time="8.618"/>
  <system-out/>
  <testcase classname="testscript.LogInTest" name="loginTest" time="7.763"/>
  <system-out/>
</testsuite> <!-- testscript.LogInTest -->
