<?xml version="1.0" encoding="UTF-8"?>
<!-- Generated by org.testng.reporters.JUnitReportReporter -->
<testsuite hostname="CORA027L" failures="0" tests="3" name="testscript.ButtonsTest" time="0.512" errors="0" timestamp="2021-05-05T22:47:19 CST" skipped="0">
  <testcase classname="testscript.ButtonsTest" name="checkLeftClick" time="0.087"/>
  <system-out/>
  <testcase classname="testscript.ButtonsTest" name="checkRightClick" time="0.207"/>
  <system-out/>
  <testcase classname="testscript.ButtonsTest" name="checkDoubleClick" time="0.218"/>
  <system-out/>
</testsuite> <!-- testscript.ButtonsTest -->
