<?xml version="1.0" encoding="UTF-8"?>
<!-- Generated by org.testng.reporters.JUnitReportReporter -->
<testsuite hostname="CORA027L" failures="0" tests="3" name="testscript.RadioButtonTest" time="0.392" errors="0" timestamp="2021-05-06T00:26:10 CST" skipped="0">
  <testcase classname="testscript.RadioButtonTest" name="checkImpressiveRadio" time="0.154"/>
  <system-out/>
  <testcase classname="testscript.RadioButtonTest" name="checkNoRadio" time="0.136"/>
  <system-out/>
  <testcase classname="testscript.RadioButtonTest" name="checkYesRadio" time="0.102"/>
  <system-out/>
</testsuite> <!-- testscript.RadioButtonTest -->
