<?xml version="1.0" encoding="UTF-8"?>
<!-- Generated by org.testng.reporters.JUnitReportReporter -->
<testsuite hostname="CORA027L" failures="0" tests="1" name="base.BaseTest" time="2.627" errors="0" timestamp="2021-05-05T13:35:15 CST" skipped="0">
  <testcase classname="base.BaseTest" name="startUp" time="2.627"/>
  <system-out/>
</testsuite> <!-- base.BaseTest -->
